0 info it worked if it ends with ok
1 verbose cli [ '/usr/local/bin/node', '/usr/local/bin/npm', 'run', 'serve' ]
2 info using npm@3.8.7
3 info using node@v5.10.1
4 verbose run-script [ 'preserve', 'serve', 'postserve' ]
5 info lifecycle system-js@1.0.0~preserve: system-js@1.0.0
6 silly lifecycle system-js@1.0.0~preserve: no script for preserve, continuing
7 info lifecycle system-js@1.0.0~serve: system-js@1.0.0
8 verbose lifecycle system-js@1.0.0~serve: unsafe-perm in lifecycle true
9 verbose lifecycle system-js@1.0.0~serve: PATH: /usr/local/lib/node_modules/npm/bin/node-gyp-bin:/Users/robwormald/Dev/demos/new-world-test/system-js/node_modules/.bin:/usr/local/bin:/Users/robwormald/bin:/usr/local/git/current/bin:/usr/local/bin:/usr/bin:/bin:/usr/local/sbin:/usr/sbin:/sbin
10 verbose lifecycle system-js@1.0.0~serve: CWD: /Users/robwormald/Dev/demos/new-world-test/system-js
11 silly lifecycle system-js@1.0.0~serve: Args: [ '-c', 'npm run lite-server' ]
12 silly lifecycle system-js@1.0.0~serve: Returned: code: 1  signal: null
13 info lifecycle system-js@1.0.0~serve: Failed to exec serve script
14 verbose stack Error: system-js@1.0.0 serve: `npm run lite-server`
14 verbose stack Exit status 1
14 verbose stack     at EventEmitter.<anonymous> (/usr/local/lib/node_modules/npm/lib/utils/lifecycle.js:244:16)
14 verbose stack     at emitTwo (events.js:100:13)
14 verbose stack     at EventEmitter.emit (events.js:185:7)
14 verbose stack     at ChildProcess.<anonymous> (/usr/local/lib/node_modules/npm/lib/utils/spawn.js:24:14)
14 verbose stack     at emitTwo (events.js:100:13)
14 verbose stack     at ChildProcess.emit (events.js:185:7)
14 verbose stack     at maybeClose (internal/child_process.js:850:16)
14 verbose stack     at Process.ChildProcess._handle.onexit (internal/child_process.js:215:5)
15 verbose pkgid system-js@1.0.0
16 verbose cwd /Users/robwormald/Dev/demos/new-world-test/system-js
17 error Darwin 15.3.0
18 error argv "/usr/local/bin/node" "/usr/local/bin/npm" "run" "serve"
19 error node v5.10.1
20 error npm  v3.8.7
21 error code ELIFECYCLE
22 error system-js@1.0.0 serve: `npm run lite-server`
22 error Exit status 1
23 error Failed at the system-js@1.0.0 serve script 'npm run lite-server'.
23 error Make sure you have the latest version of node.js and npm installed.
23 error If you do, this is most likely a problem with the system-js package,
23 error not with npm itself.
23 error Tell the author that this fails on your system:
23 error     npm run lite-server
23 error You can get information on how to open an issue for this project with:
23 error     npm bugs system-js
23 error Or if that isn't available, you can get their info via:
23 error     npm owner ls system-js
23 error There is likely additional logging output above.
24 verbose exit [ 1, true ]
